Fold 1
0 plant%living
1 plant%living
2 plant%living
3 plant%living
4 plant%living
5 plant%living
6 plant%living
7 plant%living
8 plant%living
9 plant%living
10 plant%living
11 plant%living
12 plant%living
13 plant%living
14 plant%living
15 plant%living
16 plant%living
17 plant%living
18 plant%living
19 plant%living
20 plant%living
21 plant%living
22 plant%living
23 plant%living
24 plant%living
25 plant%living
26 plant%living
27 plant%living
28 plant%living
29 plant%living
30 plant%living
31 plant%living
32 plant%living
33 plant%living
34 plant%living
35 plant%living
Fold 2
0 plant%living
1 plant%living
2 plant%living
3 plant%living
4 plant%living
5 plant%living
6 plant%living
7 plant%living
8 plant%living
9 plant%living
10 plant%living
11 plant%living
12 plant%living
13 plant%living
14 plant%living
15 plant%living
16 plant%living
17 plant%living
18 plant%living
19 plant%living
20 plant%living
21 plant%living
22 plant%living
23 plant%living
24 plant%living
25 plant%living
26 plant%living
27 plant%living
28 plant%living
29 plant%living
30 plant%living
31 plant%living
32 plant%living
33 plant%living
34 plant%living
35 plant%living
Fold 3
0 plant%living
1 plant%living
2 plant%living
3 plant%living
4 plant%living
5 plant%living
6 plant%living
7 plant%living
8 plant%living
9 plant%living
10 plant%living
11 plant%living
12 plant%living
13 plant%living
14 plant%living
15 plant%living
16 plant%living
17 plant%living
18 plant%living
19 plant%living
20 plant%living
21 plant%living
22 plant%living
23 plant%living
24 plant%living
25 plant%living
26 plant%living
27 plant%living
28 plant%living
29 plant%living
30 plant%living
31 plant%living
32 plant%living
33 plant%living
34 plant%living
35 plant%living
Fold 4
0 plant%living
1 plant%living
2 plant%living
3 plant%living
4 plant%living
5 plant%living
6 plant%living
7 plant%living
8 plant%living
9 plant%living
10 plant%living
11 plant%living
12 plant%living
13 plant%living
14 plant%living
15 plant%living
16 plant%living
17 plant%living
18 plant%living
19 plant%living
20 plant%living
21 plant%living
22 plant%living
23 plant%living
24 plant%living
25 plant%living
26 plant%living
27 plant%living
28 plant%living
29 plant%living
30 plant%living
31 plant%living
32 plant%living
33 plant%living
34 plant%living
35 plant%living
Fold 5
0 plant%living
1 plant%living
2 plant%living
3 plant%living
4 plant%living
5 plant%living
6 plant%living
7 plant%living
8 plant%living
9 plant%living
10 plant%living
11 plant%living
12 plant%living
13 plant%living
14 plant%living
15 plant%living
16 plant%living
17 plant%living
18 plant%living
19 plant%living
20 plant%living
21 plant%living
22 plant%living
23 plant%living
24 plant%living
25 plant%living
26 plant%living
27 plant%living
28 plant%living
29 plant%living
30 plant%living
31 plant%living
32 plant%living
33 plant%living
34 plant%living
35 plant%living